ref3-staticArray/Reflection3/app/build/outputs/mapping/debug/seeds.txt
de.ecspride.ReflectiveClass
de.ecspride.MainActivity
de.ecspride.MainActivity: MainActivity()